::1 - - [30/Nov/2023:00:37:40 +0000] "GET /api/v1/events/1 HTTP/1.1" 200 156
::1 - - [30/Nov/2023:00:37:45 +0000] "GET /api/v1/events HTTP/1.1" 200 158
::1 - - [30/Nov/2023:00:39:44 +0000] "GET /api/v1/events HTTP/1.1" 200 158
::1 - - [30/Nov/2023:00:39:47 +0000] "GET /api/v1/events HTTP/1.1" 200 158
::1 - - [30/Nov/2023:00:41:17 +0000] "GET /api/v1/events HTTP/1.1" 200 158
::1 - - [30/Nov/2023:00:43:40 +0000] "GET /api/v1/events HTTP/1.1" 200 158
::1 - - [30/Nov/2023:00:44:24 +0000] "GET /api/v1/events HTTP/1.1" 200 158
::1 - - [30/Nov/2023:00:45:40 +0000] "GET /api/v1/events HTTP/1.1" 200 158
::1 - - [30/Nov/2023:00:46:17 +0000] "PUT /api/v1/events/1 HTTP/1.1" 200 156
::1 - - [30/Nov/2023:00:46:18 +0000] "PUT /api/v1/events/1 HTTP/1.1" 200 156
::1 - - [30/Nov/2023:00:46:20 +0000] "PUT /api/v1/events/1 HTTP/1.1" 200 156
::1 - - [30/Nov/2023:00:53:17 +0000] "PUT /api/v1/events/1 HTTP/1.1" 200 156
::1 - - [30/Nov/2023:00:53:20 +0000] "PUT /api/v1/events/1 HTTP/1.1" 200 156
::1 - - [30/Nov/2023:00:54:06 +0000] "PUT /api/v1/events/1 HTTP/1.1" 200 156
::1 - - [30/Nov/2023:01:35:24 +0000] "POST /api/v1/events HTTP/1.1" 201 140
::1 - - [30/Nov/2023:01:38:21 +0000] "POST /api/v1/events HTTP/1.1" 500 38
::1 - - [30/Nov/2023:01:45:50 +0000] "POST /api/v1/events HTTP/1.1" 500 38
::1 - - [30/Nov/2023:01:45:57 +0000] "POST /api/v1/events HTTP/1.1" 500 38
::1 - - [30/Nov/2023:02:03:07 +0000] "POST /api/v1/events HTTP/1.1" 201 144
::1 - - [30/Nov/2023:02:13:56 +0000] "GET /api/v1/events/1 HTTP/1.1" 200 156
::1 - - [30/Nov/2023:02:14:11 +0000] "GET /api/v1/events HTTP/1.1" 200 870
::1 - - [30/Nov/2023:02:20:40 +0000] "POST /api/v1/events HTTP/1.1" 201 141
::1 - - [30/Nov/2023:02:21:07 +0000] "PUT /api/v1/events/1 HTTP/1.1" 422 52
::1 - - [30/Nov/2023:02:24:18 +0000] "DELETE /api/v1/events/2 HTTP/1.1" 200 140
::1 - - [30/Nov/2023:02:24:32 +0000] "GET /api/v1/events HTTP/1.1" 200 871
::1 - - [30/Nov/2023:02:24:50 +0000] "POST /api/v1/events HTTP/1.1" 422 52
::1 - - [30/Nov/2023:02:25:02 +0000] "POST /api/v1/events HTTP/1.1" 201 137
::1 - - [30/Nov/2023:02:25:08 +0000] "GET /api/v1/events HTTP/1.1" 200 1009
::1 - - [30/Nov/2023:02:39:20 +0000] "POST /api/v1/events HTTP/1.1" 201 140
